<?xml version="1.0" encoding="UTF-8"?>
<!-- Generated by org.testng.reporters.JUnitReportReporter -->
<testsuite hostname="ASHISHANMUMLAP" failures="0" tests="5" name="com.DemoQA.PageLayer.TC23_TestNGPriorityExample" time="0.019" errors="0" timestamp="2025-02-14T00:32:24 IST" skipped="0">
  <testcase classname="com.DemoQA.PageLayer.TC23_TestNGPriorityExample" name="testB" time="0.014"/>
  <testcase classname="com.DemoQA.PageLayer.TC23_TestNGPriorityExample" name="testC" time="0.001"/>
  <testcase classname="com.DemoQA.PageLayer.TC23_TestNGPriorityExample" name="testD" time="0.001"/>
  <testcase classname="com.DemoQA.PageLayer.TC23_TestNGPriorityExample" name="testE" time="0.002"/>
  <testcase classname="com.DemoQA.PageLayer.TC23_TestNGPriorityExample" name="testA" time="0.001"/>
</testsuite> <!-- com.DemoQA.PageLayer.TC23_TestNGPriorityExample -->
