<?xml version="1.0" encoding="UTF-8"?>
<!-- Generated by org.testng.reporters.JUnitReportReporter -->
<testsuite hostname="A-SQUARE" failures="0" tests="1" name="com.DemoQA.TestCase.TestSuiteExample" time="0.224" errors="0" timestamp="2024-03-30T11:53:16 IST" skipped="0">
  <testcase classname="com.DemoQA.TestCase.TestSuiteExample" name="runTestSuite" time="0.224"/>
  <system-out/>
</testsuite> <!-- com.DemoQA.TestCase.TestSuiteExample -->
