<?xml version="1.0" encoding="UTF-8"?>
<!-- Generated by org.testng.reporters.JUnitReportReporter -->
<testsuite hostname="ASHISHANMUMLAP" failures="0" tests="1" name="com.DemoQA.TestCase.TestCase" time="12.961" errors="0" timestamp="2024-09-03T19:53:23 IST" skipped="0">
  <testcase classname="com.DemoQA.TestCase.TestCase" name="TC18_ImageComparison" time="12.961"/>
</testsuite> <!-- com.DemoQA.TestCase.TestCase -->
