<?xml version="1.0" encoding="UTF-8"?>
<!-- Generated by org.testng.reporters.JUnitReportReporter -->
<testsuite hostname="ASHISHANMUMLAP" failures="0" tests="1" name="com.DemoQA.TestCase.TestCase" time="14.037" errors="0" timestamp="2024-07-09T19:12:53 IST" skipped="0">
  <testcase classname="com.DemoQA.TestCase.TestCase" name="sslCertificateMethod" time="14.037"/>
</testsuite> <!-- com.DemoQA.TestCase.TestCase -->
