<?xml version="1.0" encoding="UTF-8"?>
<!-- Generated by org.testng.reporters.JUnitReportReporter -->
<testsuite hostname="A-SQUARE" failures="0" tests="21" name="com.DemoQA.TestLayer.TestCase" time="14.260" errors="0" timestamp="2024-10-29T22:41:43 IST" skipped="20">
  <testcase classname="com.DemoQA.TestLayer.TestCase" name="TC02_LoginLogOut" time="14.260"/>
  <testcase classname="com.DemoQA.TestLayer.TestCase" name="TC04_ClickOperationType">
    <skipped/>
  </testcase> <!-- TC04_ClickOperationType -->
  <testcase classname="com.DemoQA.TestLayer.TestCase" name="TC01_ActionOnBrowser">
    <skipped/>
  </testcase> <!-- TC01_ActionOnBrowser -->
  <testcase classname="com.DemoQA.TestLayer.TestCase" name="TC09_AlertHandling">
    <skipped/>
  </testcase> <!-- TC09_AlertHandling -->
  <testcase classname="com.DemoQA.TestLayer.TestCase" name="TC18_PdfDownloadAndValidation">
    <skipped/>
  </testcase> <!-- TC18_PdfDownloadAndValidation -->
  <testcase classname="com.DemoQA.TestLayer.TestCase" name="TC13_MouseAction">
    <skipped/>
  </testcase> <!-- TC13_MouseAction -->
  <testcase classname="com.DemoQA.TestLayer.TestCase" name="TC07_IFrameHandling">
    <skipped/>
  </testcase> <!-- TC07_IFrameHandling -->
  <testcase classname="com.DemoQA.TestLayer.TestCase" name="TC17_FailedTestCase">
    <skipped/>
  </testcase> <!-- TC17_FailedTestCase -->
  <testcase classname="com.DemoQA.TestLayer.TestCase" name="TC16_sslCertificateMethod">
    <skipped/>
  </testcase> <!-- TC16_sslCertificateMethod -->
  <testcase classname="com.DemoQA.TestLayer.TestCase" name="TC11_ExplicitWaitConditions">
    <skipped/>
  </testcase> <!-- TC11_ExplicitWaitConditions -->
  <testcase classname="com.DemoQA.TestLayer.TestCase" name="TC20_ImageComparison">
    <skipped/>
  </testcase> <!-- TC20_ImageComparison -->
  <testcase classname="com.DemoQA.TestLayer.TestCase" name="TC19_LoginLogoutDataDriven">
    <skipped/>
  </testcase> <!-- TC19_LoginLogoutDataDriven -->
  <testcase classname="com.DemoQA.TestLayer.TestCase" name="TC03_WebElementAction">
    <skipped/>
  </testcase> <!-- TC03_WebElementAction -->
  <testcase classname="com.DemoQA.TestLayer.TestCase" name="TC15_MultipleTabAndWindows">
    <skipped/>
  </testcase> <!-- TC15_MultipleTabAndWindows -->
  <testcase classname="com.DemoQA.TestLayer.TestCase" name="TC05_DynamicTableStructure">
    <skipped/>
  </testcase> <!-- TC05_DynamicTableStructure -->
  <testcase classname="com.DemoQA.TestLayer.TestCase" name="TC14_DataProviderMethod">
    <skipped/>
  </testcase> <!-- TC14_DataProviderMethod -->
  <testcase classname="com.DemoQA.TestLayer.TestCase" name="TC08_SearchResultAndCartValidation">
    <skipped/>
  </testcase> <!-- TC08_SearchResultAndCartValidation -->
  <testcase classname="com.DemoQA.TestLayer.TestCase" name="TC06_WindowHandling">
    <skipped/>
  </testcase> <!-- TC06_WindowHandling -->
  <testcase classname="com.DemoQA.TestLayer.TestCase" name="TC21_SkippedTestCase">
    <skipped/>
  </testcase> <!-- TC21_SkippedTestCase -->
  <testcase classname="com.DemoQA.TestLayer.TestCase" name="TC10_DropdownHandling">
    <skipped/>
  </testcase> <!-- TC10_DropdownHandling -->
  <testcase classname="com.DemoQA.TestLayer.TestCase" name="TC12_BrokenLinkValidation">
    <skipped/>
  </testcase> <!-- TC12_BrokenLinkValidation -->
</testsuite> <!-- com.DemoQA.TestLayer.TestCase -->
