<?xml version="1.0" encoding="UTF-8"?>
<!-- Generated by org.testng.reporters.JUnitReportReporter -->
<testsuite hostname="ASHISHANMUMLAP" failures="0" tests="3" name="com.DemoQA.TestCase.TestCase" time="77.669" errors="0" timestamp="2024-06-10T23:48:35 IST" skipped="0">
  <testcase classname="com.DemoQA.TestCase.TestCase" name="dataProviderMethod" time="26.031"/>
  <testcase classname="com.DemoQA.TestCase.TestCase" name="dataProviderMethod" time="13.044"/>
  <testcase classname="com.DemoQA.TestCase.TestCase" name="dataProviderMethod" time="38.594"/>
</testsuite> <!-- com.DemoQA.TestCase.TestCase -->
