<?xml version="1.0" encoding="UTF-8"?>
<!-- Generated by org.testng.reporters.JUnitReportReporter -->
<testsuite hostname="A-SQUARE" failures="0" tests="1" name="com.DemoQA.TestCase.TestCase" time="16.058" errors="0" timestamp="2024-03-27T12:47:42 IST" skipped="0">
  <testcase classname="com.DemoQA.TestCase.TestCase" name="TC01_openBrower" time="16.058"/>
  <system-out/>
</testsuite> <!-- com.DemoQA.TestCase.TestCase -->
