<?xml version="1.0" encoding="UTF-8"?>
<!-- Generated by org.testng.reporters.JUnitReportReporter -->
<testsuite hostname="A-SQUARE" failures="0" tests="3" name="com.DemoQA.TestLayer.TestCase" time="22.031" errors="0" timestamp="2024-09-27T19:51:16 IST" skipped="2">
  <testcase classname="com.DemoQA.TestLayer.TestCase" name="TC04_ClickOperationType" time="22.031"/>
  <testcase classname="com.DemoQA.TestLayer.TestCase" name="TC26_SkippedTestCase">
    <skipped/>
  </testcase> <!-- TC26_SkippedTestCase -->
  <testcase classname="com.DemoQA.TestLayer.TestCase" name="TC27_WarningTestCase">
    <skipped/>
  </testcase> <!-- TC27_WarningTestCase -->
</testsuite> <!-- com.DemoQA.TestLayer.TestCase -->
