<?xml version="1.0" encoding="UTF-8"?>
<!-- Generated by org.testng.reporters.JUnitReportReporter -->
<testsuite hostname="ASHISHANMUMLAP" failures="0" tests="1" name="com.DemoQA.TestCase.TestCase" time="20.311" errors="0" timestamp="2024-07-03T16:11:42 IST" skipped="0">
  <testcase classname="com.DemoQA.TestCase.TestCase" name="multipleTabAndWindows" time="20.311"/>
</testsuite> <!-- com.DemoQA.TestCase.TestCase -->
