<?xml version="1.0" encoding="UTF-8"?>
<!-- Generated by org.testng.reporters.JUnitReportReporter -->
<testsuite hostname="ASHISHANMUMLAP" failures="0" tests="1" name="com.DemoQA.TestCase.TestCase" time="24.029" errors="0" timestamp="2024-09-02T20:54:38 IST" skipped="0">
  <testcase classname="com.DemoQA.TestCase.TestCase" name="TC09_AlertHandling" time="24.029"/>
</testsuite> <!-- com.DemoQA.TestCase.TestCase -->
