<?xml version="1.0" encoding="UTF-8"?>
<!-- Generated by org.testng.reporters.JUnitReportReporter -->
<testsuite hostname="ASHISHANMUMLAP" failures="0" tests="1" name="com.DemoQA.TestCase.TestCase" time="21.874" errors="0" timestamp="2024-08-15T23:13:01 IST" skipped="0">
  <testcase classname="com.DemoQA.TestCase.TestCase" name="extentReportExample" time="21.874"/>
</testsuite> <!-- com.DemoQA.TestCase.TestCase -->
