<?xml version="1.0" encoding="UTF-8"?>
<!-- Generated by org.testng.reporters.JUnitReportReporter -->
<testsuite hostname="A-SQUARE" failures="0" tests="1" name="com.DemoQA.TestCase.TestCase" time="87.273" errors="0" timestamp="2024-05-13T11:50:53 IST" skipped="0">
  <testcase classname="com.DemoQA.TestCase.TestCase" name="brokenLinkValidation" time="87.273"/>
</testsuite> <!-- com.DemoQA.TestCase.TestCase -->
