<?xml version="1.0" encoding="UTF-8"?>
<!-- Generated by org.testng.reporters.JUnitReportReporter -->
<testsuite hostname="ASHISHANMUMLAP" failures="0" tests="2" name="com.DemoQA.TestCase.TestCase" time="35.471" errors="0" timestamp="2024-06-10T19:40:23 IST" skipped="0">
  <testcase classname="com.DemoQA.TestCase.TestCase" name="loginLogOut" time="17.478"/>
  <testcase classname="com.DemoQA.TestCase.TestCase" name="loginLogOut" time="17.993"/>
</testsuite> <!-- com.DemoQA.TestCase.TestCase -->
