<?xml version="1.0" encoding="UTF-8"?>
<!-- Generated by org.testng.reporters.JUnitReportReporter -->
<testsuite hostname="A-SQUARE" failures="0" tests="22" name="com.DemoQA.TestLayer.TestCase" time="20.765" errors="1" timestamp="2024-11-08T23:55:36 IST" skipped="21">
  <testcase classname="com.DemoQA.TestLayer.TestCase" name="TC21_MutualFundAnalysis" time="20.765">
    <error message="Method failed : logOut(); due to an Exception : " type="java.lang.RuntimeException">
      <![CDATA[java.lang.RuntimeException: Method failed : logOut(); due to an Exception : 
at com.DemoQA.PageLayer.TC21_MutualFundAnalysis.analysisOne(TC21_MutualFundAnalysis.java:132)
at com.DemoQA.TestLayer.TestCase.TC21_MutualFundAnalysis(TestCase.java:202)
at java.base/jdk.internal.reflect.NativeMethodAccessorImpl.invoke0(Native Method)
at java.base/jdk.internal.reflect.NativeMethodAccessorImpl.invoke(NativeMethodAccessorImpl.java:77)
at java.base/jdk.internal.reflect.DelegatingMethodAccessorImpl.invoke(DelegatingMethodAccessorImpl.java:43)
at java.base/java.lang.reflect.Method.invoke(Method.java:568)
at org.testng.internal.invokers.MethodInvocationHelper.invokeMethod(MethodInvocationHelper.java:139)
at org.testng.internal.invokers.TestInvoker.invokeMethod(TestInvoker.java:664)
at org.testng.internal.invokers.TestInvoker.invokeTestMethod(TestInvoker.java:228)
at org.testng.internal.invokers.MethodRunner.runInSequence(MethodRunner.java:63)
at org.testng.internal.invokers.TestInvoker$MethodInvocationAgent.invoke(TestInvoker.java:961)
at org.testng.internal.invokers.TestInvoker.invokeTestMethods(TestInvoker.java:201)
at org.testng.internal.invokers.TestMethodWorker.invokeTestMethods(TestMethodWorker.java:148)
at org.testng.internal.invokers.TestMethodWorker.run(TestMethodWorker.java:128)
at java.base/java.util.ArrayList.forEach(ArrayList.java:1511)
at org.testng.TestRunner.privateRun(TestRunner.java:819)
at org.testng.TestRunner.run(TestRunner.java:619)
at org.testng.SuiteRunner.runTest(SuiteRunner.java:443)
at org.testng.SuiteRunner.runSequentially(SuiteRunner.java:437)
at org.testng.SuiteRunner.privateRun(SuiteRunner.java:397)
at org.testng.SuiteRunner.run(SuiteRunner.java:336)
at org.testng.SuiteRunnerWorker.runSuite(SuiteRunnerWorker.java:52)
at org.testng.SuiteRunnerWorker.run(SuiteRunnerWorker.java:95)
at org.testng.TestNG.runSuitesSequentially(TestNG.java:1301)
at org.testng.TestNG.runSuitesLocally(TestNG.java:1228)
at org.testng.TestNG.runSuites(TestNG.java:1134)
at org.testng.TestNG.run(TestNG.java:1101)
at org.testng.remote.AbstractRemoteTestNG.run(AbstractRemoteTestNG.java:115)
at org.testng.remote.RemoteTestNG.initAndRun(RemoteTestNG.java:251)
at org.testng.remote.RemoteTestNG.main(RemoteTestNG.java:77)
Caused by: java.lang.NumberFormatException: For input string: "s of 07 Nov 2024"
at java.base/java.lang.NumberFormatException.forInputString(NumberFormatException.java:67)
at java.base/java.lang.Integer.parseInt(Integer.java:668)
at java.base/java.lang.Integer.parseInt(Integer.java:786)
at com.DemoQA.PageLayer.TC21_MutualFundAnalysis.analysisOne(TC21_MutualFundAnalysis.java:122)
... 29 more
]]>
    </error>
  </testcase> <!-- TC21_MutualFundAnalysis -->
  <testcase classname="com.DemoQA.TestLayer.TestCase" name="TC22_SkippedTestCase">
    <skipped/>
  </testcase> <!-- TC22_SkippedTestCase -->
  <testcase classname="com.DemoQA.TestLayer.TestCase" name="TC10_DropdownHandling">
    <skipped/>
  </testcase> <!-- TC10_DropdownHandling -->
  <testcase classname="com.DemoQA.TestLayer.TestCase" name="TC12_BrokenLinkValidation">
    <skipped/>
  </testcase> <!-- TC12_BrokenLinkValidation -->
  <testcase classname="com.DemoQA.TestLayer.TestCase" name="TC18_PdfDownloadAndValidation">
    <skipped/>
  </testcase> <!-- TC18_PdfDownloadAndValidation -->
  <testcase classname="com.DemoQA.TestLayer.TestCase" name="TC03_WebElementAction">
    <skipped/>
  </testcase> <!-- TC03_WebElementAction -->
  <testcase classname="com.DemoQA.TestLayer.TestCase" name="TC15_MultipleTabAndWindows">
    <skipped/>
  </testcase> <!-- TC15_MultipleTabAndWindows -->
  <testcase classname="com.DemoQA.TestLayer.TestCase" name="TC13_MouseAction">
    <skipped/>
  </testcase> <!-- TC13_MouseAction -->
  <testcase classname="com.DemoQA.TestLayer.TestCase" name="TC05_DynamicTableStructure">
    <skipped/>
  </testcase> <!-- TC05_DynamicTableStructure -->
  <testcase classname="com.DemoQA.TestLayer.TestCase" name="TC08_SearchResultAndCartValidation">
    <skipped/>
  </testcase> <!-- TC08_SearchResultAndCartValidation -->
  <testcase classname="com.DemoQA.TestLayer.TestCase" name="TC09_AlertHandling">
    <skipped/>
  </testcase> <!-- TC09_AlertHandling -->
  <testcase classname="com.DemoQA.TestLayer.TestCase" name="TC16_sslCertificateMethod">
    <skipped/>
  </testcase> <!-- TC16_sslCertificateMethod -->
  <testcase classname="com.DemoQA.TestLayer.TestCase" name="TC14_DataProviderMethod">
    <skipped/>
  </testcase> <!-- TC14_DataProviderMethod -->
  <testcase classname="com.DemoQA.TestLayer.TestCase" name="TC01_ActionOnBrowser">
    <skipped/>
  </testcase> <!-- TC01_ActionOnBrowser -->
  <testcase classname="com.DemoQA.TestLayer.TestCase" name="TC02_LoginLogOut">
    <skipped/>
  </testcase> <!-- TC02_LoginLogOut -->
  <testcase classname="com.DemoQA.TestLayer.TestCase" name="TC06_WindowHandling">
    <skipped/>
  </testcase> <!-- TC06_WindowHandling -->
  <testcase classname="com.DemoQA.TestLayer.TestCase" name="TC04_ClickOperationType">
    <skipped/>
  </testcase> <!-- TC04_ClickOperationType -->
  <testcase classname="com.DemoQA.TestLayer.TestCase" name="TC20_ImageComparison">
    <skipped/>
  </testcase> <!-- TC20_ImageComparison -->
  <testcase classname="com.DemoQA.TestLayer.TestCase" name="TC07_IFrameHandling">
    <skipped/>
  </testcase> <!-- TC07_IFrameHandling -->
  <testcase classname="com.DemoQA.TestLayer.TestCase" name="TC17_FailedTestCase">
    <skipped/>
  </testcase> <!-- TC17_FailedTestCase -->
  <testcase classname="com.DemoQA.TestLayer.TestCase" name="TC11_ExplicitWaitConditions">
    <skipped/>
  </testcase> <!-- TC11_ExplicitWaitConditions -->
  <testcase classname="com.DemoQA.TestLayer.TestCase" name="TC19_LoginLogoutDataDriven">
    <skipped/>
  </testcase> <!-- TC19_LoginLogoutDataDriven -->
</testsuite> <!-- com.DemoQA.TestLayer.TestCase -->
