<?xml version="1.0" encoding="UTF-8"?>
<!-- Generated by org.testng.reporters.JUnitReportReporter -->
<testsuite hostname="ASHISHANMUMLAP" failures="0" tests="1" name="com.DemoQA.TestLayer.TestCase" time="76.910" errors="0" timestamp="2024-10-16T18:39:06 IST" skipped="0">
  <testcase classname="com.DemoQA.TestLayer.TestCase" name="TC18_PdfDownloadAndValidation" time="76.910"/>
</testsuite> <!-- com.DemoQA.TestLayer.TestCase -->
