<?xml version="1.0" encoding="UTF-8"?>
<!-- Generated by org.testng.reporters.JUnitReportReporter -->
<testsuite hostname="A-SQUARE" failures="0" tests="1" name="com.DemoQA.TestCase.TestCase" time="36.465" errors="0" timestamp="2024-05-12T23:23:12 IST" skipped="0">
  <testcase classname="com.DemoQA.TestCase.TestCase" name="brokenLinkValidation" time="36.465"/>
</testsuite> <!-- com.DemoQA.TestCase.TestCase -->
