<?xml version="1.0" encoding="UTF-8"?>
<!-- Generated by org.testng.reporters.JUnitReportReporter -->
<testsuite hostname="ASHISHANMUMLAP" failures="0" tests="22" name="com.DemoQA.TestLayer.TestCase" time="26.313" errors="1" timestamp="2025-01-25T00:58:17 IST" skipped="21">
  <testcase classname="com.DemoQA.TestLayer.TestCase" name="TC21_MutualFundAnalysis" time="26.313">
    <error message="no such element: Unable to locate element: {&quot;method&quot;:&quot;xpath&quot;,&quot;selector&quot;:&quot;//h2[text()=&#039;Fund Info&#039;]&quot;}
  (Session info: chrome=132.0.6834.110)
For documentation on this error, please visit: https://www.selenium.dev/documentation/webdriver/troubleshooting/errors#no-such-element-exception
Build info: version: &#039;4.18.0&#039;, revision: &#039;b6bf9de7cc*&#039;
System info: os.name: &#039;Windows 11&#039;, os.arch: &#039;amd64&#039;, os.version: &#039;10.0&#039;, java.version: &#039;21.0.1&#039;
Driver info: org.openqa.selenium.chrome.ChromeDriver
Command: [5a2d927db0762dd64234f16fcbb7caa5, findElement {value=//h2[text()=&#039;Fund Info&#039;], using=xpath}]
Capabilities {acceptInsecureCerts: false, browserName: chrome, browserVersion: 132.0.6834.110, chrome: {chromedriverVersion: 132.0.6834.110 (df453a35f09..., userDataDir: C:\Users\ASHISH~1.ANA\AppDa...}, fedcm:accounts: true, goog:chromeOptions: {debuggerAddress: localhost:60960}, networkConnectionEnabled: false, pageLoadStrategy: normal, platformName: windows, proxy: Proxy(), se:cdp: ws://localhost:60960/devtoo..., se:cdpVersion: 132.0.6834.110, setWindowRect: true, strictFileInteractability: false, timeouts: {implicit: 0, pageLoad: 300000, script: 30000}, unhandledPromptBehavior: dismiss and notify, webauthn:extension:credBlob: true, webauthn:extension:largeBlob: true, webauthn:extension:minPinLength: true, webauthn:extension:prf: true, webauthn:virtualAuthenticators: true}
Session ID: 5a2d927db0762dd64234f16fcbb7caa5" type="org.openqa.selenium.NoSuchElementException">
      <![CDATA[org.openqa.selenium.NoSuchElementException: no such element: Unable to locate element: {"method":"xpath","selector":"//h2[text()='Fund Info']"}
  (Session info: chrome=132.0.6834.110)
For documentation on this error, please visit: https://www.selenium.dev/documentation/webdriver/troubleshooting/errors#no-such-element-exception
Build info: version: '4.18.0', revision: 'b6bf9de7cc*'
System info: os.name: 'Windows 11', os.arch: 'amd64', os.version: '10.0', java.version: '21.0.1'
Driver info: org.openqa.selenium.chrome.ChromeDriver
Command: [5a2d927db0762dd64234f16fcbb7caa5, findElement {value=//h2[text()='Fund Info'], using=xpath}]
Capabilities {acceptInsecureCerts: false, browserName: chrome, browserVersion: 132.0.6834.110, chrome: {chromedriverVersion: 132.0.6834.110 (df453a35f09..., userDataDir: C:\Users\ASHISH~1.ANA\AppDa...}, fedcm:accounts: true, goog:chromeOptions: {debuggerAddress: localhost:60960}, networkConnectionEnabled: false, pageLoadStrategy: normal, platformName: windows, proxy: Proxy(), se:cdp: ws://localhost:60960/devtoo..., se:cdpVersion: 132.0.6834.110, setWindowRect: true, strictFileInteractability: false, timeouts: {implicit: 0, pageLoad: 300000, script: 30000}, unhandledPromptBehavior: dismiss and notify, webauthn:extension:credBlob: true, webauthn:extension:largeBlob: true, webauthn:extension:minPinLength: true, webauthn:extension:prf: true, webauthn:virtualAuthenticators: true}
Session ID: 5a2d927db0762dd64234f16fcbb7caa5
at java.base/jdk.internal.reflect.DirectConstructorHandleAccessor.newInstance(DirectConstructorHandleAccessor.java:62)
at java.base/java.lang.reflect.Constructor.newInstanceWithCaller(Constructor.java:502)
at java.base/java.lang.reflect.Constructor.newInstance(Constructor.java:486)
at org.openqa.selenium.remote.ErrorCodec.decode(ErrorCodec.java:167)
at org.openqa.selenium.remote.codec.w3c.W3CHttpResponseCodec.decode(W3CHttpResponseCodec.java:138)
at org.openqa.selenium.remote.codec.w3c.W3CHttpResponseCodec.decode(W3CHttpResponseCodec.java:50)
at org.openqa.selenium.remote.HttpCommandExecutor.execute(HttpCommandExecutor.java:190)
at org.openqa.selenium.remote.service.DriverCommandExecutor.invokeExecute(DriverCommandExecutor.java:216)
at org.openqa.selenium.remote.service.DriverCommandExecutor.execute(DriverCommandExecutor.java:174)
at org.openqa.selenium.remote.RemoteWebDriver.execute(RemoteWebDriver.java:519)
at org.openqa.selenium.remote.ElementLocation$ElementFinder$2.findElement(ElementLocation.java:165)
at org.openqa.selenium.remote.ElementLocation.findElement(ElementLocation.java:59)
at org.openqa.selenium.remote.RemoteWebDriver.findElement(RemoteWebDriver.java:356)
at org.openqa.selenium.remote.RemoteWebDriver.findElement(RemoteWebDriver.java:350)
at org.openqa.selenium.support.pagefactory.DefaultElementLocator.findElement(DefaultElementLocator.java:68)
at org.openqa.selenium.support.pagefactory.internal.LocatingElementHandler.invoke(LocatingElementHandler.java:38)
at jdk.proxy2/jdk.proxy2.$Proxy16.getText(Unknown Source)
at com.DemoQA.PageLayer.GenericActionTemplate.jScrollToView(GenericActionTemplate.java:433)
at com.DemoQA.PageLayer.TC21_MutualFundAnalysis.analyzeSingleFund(TC21_MutualFundAnalysis.java:103)
at com.DemoQA.PageLayer.TC21_MutualFundAnalysis.analyzeFunds(TC21_MutualFundAnalysis.java:84)
at com.DemoQA.TestLayer.TestCase.TC21_MutualFundAnalysis(TestCase.java:202)
at java.base/jdk.internal.reflect.DirectMethodHandleAccessor.invoke(DirectMethodHandleAccessor.java:103)
at java.base/java.lang.reflect.Method.invoke(Method.java:580)
at org.testng.internal.invokers.MethodInvocationHelper.invokeMethod(MethodInvocationHelper.java:141)
at org.testng.internal.invokers.TestInvoker.invokeMethod(TestInvoker.java:686)
at org.testng.internal.invokers.TestInvoker.invokeTestMethod(TestInvoker.java:230)
at org.testng.internal.invokers.MethodRunner.runInSequence(MethodRunner.java:63)
at org.testng.internal.invokers.TestInvoker$MethodInvocationAgent.invoke(TestInvoker.java:992)
at org.testng.internal.invokers.TestInvoker.invokeTestMethods(TestInvoker.java:203)
at org.testng.internal.invokers.TestMethodWorker.invokeTestMethods(TestMethodWorker.java:154)
at org.testng.internal.invokers.TestMethodWorker.run(TestMethodWorker.java:134)
at java.base/java.util.ArrayList.forEach(ArrayList.java:1596)
at org.testng.TestRunner.privateRun(TestRunner.java:739)
at org.testng.TestRunner.run(TestRunner.java:614)
at org.testng.SuiteRunner.runTest(SuiteRunner.java:421)
at org.testng.SuiteRunner.runSequentially(SuiteRunner.java:413)
at org.testng.SuiteRunner.privateRun(SuiteRunner.java:373)
at org.testng.SuiteRunner.run(SuiteRunner.java:312)
at org.testng.SuiteRunnerWorker.runSuite(SuiteRunnerWorker.java:52)
at org.testng.SuiteRunnerWorker.run(SuiteRunnerWorker.java:95)
at org.testng.TestNG.runSuitesSequentially(TestNG.java:1274)
at org.testng.TestNG.runSuitesLocally(TestNG.java:1208)
at org.testng.TestNG.runSuites(TestNG.java:1112)
at org.testng.TestNG.run(TestNG.java:1079)
at org.testng.remote.AbstractRemoteTestNG.run(AbstractRemoteTestNG.java:115)
at org.testng.remote.RemoteTestNG.initAndRun(RemoteTestNG.java:293)
at org.testng.remote.RemoteTestNG.main(RemoteTestNG.java:91)
]]>
    </error>
  </testcase> <!-- TC21_MutualFundAnalysis -->
  <testcase classname="com.DemoQA.TestLayer.TestCase" name="TC10_DropdownHandling">
    <skipped/>
  </testcase> <!-- TC10_DropdownHandling -->
  <testcase classname="com.DemoQA.TestLayer.TestCase" name="TC03_WebElementAction">
    <skipped/>
  </testcase> <!-- TC03_WebElementAction -->
  <testcase classname="com.DemoQA.TestLayer.TestCase" name="TC12_BrokenLinkValidation">
    <skipped/>
  </testcase> <!-- TC12_BrokenLinkValidation -->
  <testcase classname="com.DemoQA.TestLayer.TestCase" name="TC08_SearchResultAndCartValidation">
    <skipped/>
  </testcase> <!-- TC08_SearchResultAndCartValidation -->
  <testcase classname="com.DemoQA.TestLayer.TestCase" name="TC18_PdfDownloadAndValidation">
    <skipped/>
  </testcase> <!-- TC18_PdfDownloadAndValidation -->
  <testcase classname="com.DemoQA.TestLayer.TestCase" name="TC02_LoginLogOut">
    <skipped/>
  </testcase> <!-- TC02_LoginLogOut -->
  <testcase classname="com.DemoQA.TestLayer.TestCase" name="TC15_MultipleTabAndWindows">
    <skipped/>
  </testcase> <!-- TC15_MultipleTabAndWindows -->
  <testcase classname="com.DemoQA.TestLayer.TestCase" name="TC13_MouseAction">
    <skipped/>
  </testcase> <!-- TC13_MouseAction -->
  <testcase classname="com.DemoQA.TestLayer.TestCase" name="TC22_SkippedTestCase">
    <skipped/>
  </testcase> <!-- TC22_SkippedTestCase -->
  <testcase classname="com.DemoQA.TestLayer.TestCase" name="TC05_DynamicTableStructure">
    <skipped/>
  </testcase> <!-- TC05_DynamicTableStructure -->
  <testcase classname="com.DemoQA.TestLayer.TestCase" name="TC14_DataProviderMethod">
    <skipped/>
  </testcase> <!-- TC14_DataProviderMethod -->
  <testcase classname="com.DemoQA.TestLayer.TestCase" name="TC04_ClickOperationType">
    <skipped/>
  </testcase> <!-- TC04_ClickOperationType -->
  <testcase classname="com.DemoQA.TestLayer.TestCase" name="TC01_ActionOnBrowser">
    <skipped/>
  </testcase> <!-- TC01_ActionOnBrowser -->
  <testcase classname="com.DemoQA.TestLayer.TestCase" name="TC09_AlertHandling">
    <skipped/>
  </testcase> <!-- TC09_AlertHandling -->
  <testcase classname="com.DemoQA.TestLayer.TestCase" name="TC16_sslCertificateMethod">
    <skipped/>
  </testcase> <!-- TC16_sslCertificateMethod -->
  <testcase classname="com.DemoQA.TestLayer.TestCase" name="TC20_ImageComparison">
    <skipped/>
  </testcase> <!-- TC20_ImageComparison -->
  <testcase classname="com.DemoQA.TestLayer.TestCase" name="TC17_FailedTestCase">
    <skipped/>
  </testcase> <!-- TC17_FailedTestCase -->
  <testcase classname="com.DemoQA.TestLayer.TestCase" name="TC07_IFrameHandling">
    <skipped/>
  </testcase> <!-- TC07_IFrameHandling -->
  <testcase classname="com.DemoQA.TestLayer.TestCase" name="TC11_ExplicitWaitConditions">
    <skipped/>
  </testcase> <!-- TC11_ExplicitWaitConditions -->
  <testcase classname="com.DemoQA.TestLayer.TestCase" name="TC06_WindowHandling">
    <skipped/>
  </testcase> <!-- TC06_WindowHandling -->
  <testcase classname="com.DemoQA.TestLayer.TestCase" name="TC19_LoginLogoutDataDriven">
    <skipped/>
  </testcase> <!-- TC19_LoginLogoutDataDriven -->
</testsuite> <!-- com.DemoQA.TestLayer.TestCase -->
