<?xml version="1.0" encoding="UTF-8"?>
<!-- Generated by org.testng.reporters.JUnitReportReporter -->
<testsuite hostname="A-SQUARE" failures="0" tests="1" name="com.DemoQA.TestCase.TestCase" time="35.894" errors="0" timestamp="2024-03-31T15:07:45 IST" skipped="0">
  <testcase classname="com.DemoQA.TestCase.TestCase" name="windowHandling" time="35.894"/>
  <system-out/>
</testsuite> <!-- com.DemoQA.TestCase.TestCase -->
