<?xml version="1.0" encoding="UTF-8"?>
<!-- Generated by org.testng.reporters.JUnitReportReporter -->
<testsuite hostname="ASHISHANMUMLAP" failures="0" tests="1" name="com.DemoQA.TestLayer.TestCase" time="16.329" errors="0" timestamp="2024-10-17T14:20:02 IST" skipped="0">
  <testcase classname="com.DemoQA.TestLayer.TestCase" name="TC02_LoginLogOut" time="16.329"/>
</testsuite> <!-- com.DemoQA.TestLayer.TestCase -->
