<?xml version="1.0" encoding="UTF-8"?>
<!-- Generated by org.testng.reporters.JUnitReportReporter -->
<testsuite hostname="ASHISHANMUMLAP" failures="0" tests="1" name="com.DemoQA.TestLayer.TestCase" time="13.878" errors="0" timestamp="2024-10-08T19:14:37 IST" skipped="0">
  <testcase classname="com.DemoQA.TestLayer.TestCase" name="TC25_ImageComparison" time="13.878"/>
</testsuite> <!-- com.DemoQA.TestLayer.TestCase -->
