<?xml version="1.0" encoding="UTF-8"?>
<!-- Generated by org.testng.reporters.JUnitReportReporter -->
<testsuite hostname="ASHISHANMUMLAP" failures="0" tests="1" name="com.DemoQA.TestCase.PixelToPixelMappingTest" time="4.100" errors="0" timestamp="2024-09-04T12:47:11 IST" skipped="0">
  <testcase classname="com.DemoQA.TestCase.PixelToPixelMappingTest" name="imageComparision2" time="4.100"/>
</testsuite> <!-- com.DemoQA.TestCase.PixelToPixelMappingTest -->
