<?xml version="1.0" encoding="UTF-8"?>
<!-- Generated by org.testng.reporters.JUnitReportReporter -->
<testsuite hostname="ASHISHANMUMLAP" failures="0" tests="3" name="com.DemoQA.TestCase.TestCase" time="14.369" errors="0" timestamp="2024-09-04T12:38:56 IST" skipped="2">
  <testcase classname="com.DemoQA.TestCase.TestCase" name="TC25_ImageComparison" time="14.369"/>
  <testcase classname="com.DemoQA.TestCase.TestCase" name="TC26_SkippedTestCase">
    <skipped/>
  </testcase> <!-- TC26_SkippedTestCase -->
  <testcase classname="com.DemoQA.TestCase.TestCase" name="TC27_WarningTestCase">
    <skipped/>
  </testcase> <!-- TC27_WarningTestCase -->
</testsuite> <!-- com.DemoQA.TestCase.TestCase -->
