<?xml version="1.0" encoding="UTF-8"?>
<!-- Generated by org.testng.reporters.JUnitReportReporter -->
<testsuite hostname="ASHISHANMUMLAP" failures="0" tests="1" name="com.DemoQA.TestLayer.TestCase" time="8.575" errors="0" timestamp="2024-10-17T19:50:33 IST" skipped="0">
  <testcase classname="com.DemoQA.TestLayer.TestCase" name="TC19_LoginLogoutDataDriven" time="8.575"/>
</testsuite> <!-- com.DemoQA.TestLayer.TestCase -->
