<?xml version="1.0" encoding="UTF-8"?>
<!-- Generated by org.testng.reporters.JUnitReportReporter -->
<testsuite hostname="ASHISHANMUMLAP" failures="0" tests="1" name="com.DemoQA.TestCase.PixelToPixelMappingTest" time="3.883" errors="0" timestamp="2024-09-03T19:29:20 IST" skipped="0">
  <testcase classname="com.DemoQA.TestCase.PixelToPixelMappingTest" name="imageComparision2" time="3.883"/>
</testsuite> <!-- com.DemoQA.TestCase.PixelToPixelMappingTest -->
